Determining if the pthread_create exist failed with the following output:
Change Dir: /home/Motahare/Documents/Github/temp-ridesharing/XsimulationNN/build/CMakeFiles/CMakeTmp

Run Build Command:"/usr/bin/gmake" "cmTC_e23d7/fast"
/usr/bin/gmake -f CMakeFiles/cmTC_e23d7.dir/build.make CMakeFiles/cmTC_e23d7.dir/build
gmake[1]: Entering directory '/home/Motahare/Documents/Github/temp-ridesharing/XsimulationNN/build/CMakeFiles/CMakeTmp'
Building C object CMakeFiles/cmTC_e23d7.dir/CheckSymbolExists.c.o
/usr/lib64/ccache/cc    -o CMakeFiles/cmTC_e23d7.dir/CheckSymbolExists.c.o   -c /home/Motahare/Documents/Github/temp-ridesharing/XsimulationNN/build/CMakeFiles/CMakeTmp/CheckSymbolExists.c
Linking C executable cmTC_e23d7
/usr/bin/cmake -E cmake_link_script CMakeFiles/cmTC_e23d7.dir/link.txt --verbose=1
/usr/lib64/ccache/cc      -rdynamic CMakeFiles/cmTC_e23d7.dir/CheckSymbolExists.c.o  -o cmTC_e23d7 
CMakeFiles/cmTC_e23d7.dir/CheckSymbolExists.c.o: In function `main':
CheckSymbolExists.c:(.text+0x16): undefined reference to `pthread_create'
collect2: error: ld returned 1 exit status
gmake[1]: *** [CMakeFiles/cmTC_e23d7.dir/build.make:87: cmTC_e23d7] Error 1
gmake[1]: Leaving directory '/home/Motahare/Documents/Github/temp-ridesharing/XsimulationNN/build/CMakeFiles/CMakeTmp'
gmake: *** [Makefile:126: cmTC_e23d7/fast] Error 2

File /home/Motahare/Documents/Github/temp-ridesharing/XsimulationNN/build/CMakeFiles/CMakeTmp/CheckSymbolExists.c:
/* */
#include <pthread.h>

int main(int argc, char** argv)
{
  (void)argv;
#ifndef pthread_create
  return ((int*)(&pthread_create))[argc];
#else
  (void)argc;
  return 0;
#endif
}

Determining if the function pthread_create exists in the pthreads failed with the following output:
Change Dir: /home/Motahare/Documents/Github/temp-ridesharing/XsimulationNN/build/CMakeFiles/CMakeTmp

Run Build Command:"/usr/bin/gmake" "cmTC_ec5ba/fast"
/usr/bin/gmake -f CMakeFiles/cmTC_ec5ba.dir/build.make CMakeFiles/cmTC_ec5ba.dir/build
gmake[1]: Entering directory '/home/Motahare/Documents/Github/temp-ridesharing/XsimulationNN/build/CMakeFiles/CMakeTmp'
Building C object CMakeFiles/cmTC_ec5ba.dir/CheckFunctionExists.c.o
/usr/lib64/ccache/cc   -DCHECK_FUNCTION_EXISTS=pthread_create   -o CMakeFiles/cmTC_ec5ba.dir/CheckFunctionExists.c.o   -c /usr/share/cmake/Modules/CheckFunctionExists.c
Linking C executable cmTC_ec5ba
/usr/bin/cmake -E cmake_link_script CMakeFiles/cmTC_ec5ba.dir/link.txt --verbose=1
/usr/lib64/ccache/cc  -DCHECK_FUNCTION_EXISTS=pthread_create    -rdynamic CMakeFiles/cmTC_ec5ba.dir/CheckFunctionExists.c.o  -o cmTC_ec5ba -lpthreads 
/usr/bin/ld: cannot find -lpthreads
collect2: error: ld returned 1 exit status
gmake[1]: *** [CMakeFiles/cmTC_ec5ba.dir/build.make:87: cmTC_ec5ba] Error 1
gmake[1]: Leaving directory '/home/Motahare/Documents/Github/temp-ridesharing/XsimulationNN/build/CMakeFiles/CMakeTmp'
gmake: *** [Makefile:126: cmTC_ec5ba/fast] Error 2


